<?xml version="1.0" encoding="UTF-8"?>
<TestRun id="966f750a-a367-46d1-90de-0441a9da0727" name="nikkan@SELNIKKAN 2013-10-22 10:09:13" runUser="SWEDEN\nikkan" xmlns="http://microsoft.com/schemas/VisualStudio/TeamTest/2010">
  <TestSettings name="Default Test Settings" id="6351f94b-cd1e-4beb-ae82-4a89fdbd59bd">
    <Execution>
      <TestTypeSpecific />
      <AgentRule name="Execution Agents">
      </AgentRule>
    </Execution>
    <Deployment runDeploymentRoot="nikkan_SELNIKKAN 2013-10-22 10_09_13" />
  </TestSettings>
  <Times creation="2013-10-22T10:09:13.1700484+02:00" queuing="2013-10-22T10:09:13.5991229+02:00" start="2013-10-22T10:09:13.7531206+02:00" finish="2013-10-22T10:09:14.0901662+02:00" />
  <ResultSummary outcome="Completed">
    <Counters total="1" executed="1" passed="1" error="0" failed="0" timeout="0" aborted="0" inconclusive="0" passedButRunAborted="0" notRunnable="0" notExecuted="0" disconnected="0" warning="0" completed="0" inProgress="0" pending="0" />
  </ResultSummary>
  <TestDefinitions>
    <UnitTest name="TestMethod1" storage="src/iqt-teamcity-test.test/bin/debug/iqt-teamcity-test.test.dll" id="e16b3363-629d-470b-4b45-adedbaaf746c">
      <Execution id="4d1b0cf1-00d2-4a31-86d5-d42dfd6293e4" />
      <TestMethod codeBase="C:/Projects/iqt-teamcity-test/src/iqt-teamcity-test.Test/bin/Debug/iqt-teamcity-test.Test.DLL" adapterTypeName="Microsoft.VisualStudio.TestTools.TestTypes.Unit.UnitTestAdapter, Microsoft.VisualStudio.QualityTools.Tips.UnitTest.Adapter, Version=11.0.0.0, Culture=neutral, PublicKeyToken=b03f5f7f11d50a3a" className="iqt_teamcity_test.Test.UnitTest1, iqt-teamcity-test.Test, Version=1.0.0.0, Culture=neutral, PublicKeyToken=null" name="TestMethod1" />
    </UnitTest>
  </TestDefinitions>
  <TestLists>
    <TestList name="Results Not in a List" id="8c84fa94-04c1-424b-9868-57a2d4851a1d" />
    <TestList name="All Loaded Results" id="19431567-8539-422a-85d7-44ee4e166bda" />
  </TestLists>
  <TestEntries>
    <TestEntry testId="e16b3363-629d-470b-4b45-adedbaaf746c" executionId="4d1b0cf1-00d2-4a31-86d5-d42dfd6293e4" testListId="8c84fa94-04c1-424b-9868-57a2d4851a1d" />
  </TestEntries>
  <Results>
    <UnitTestResult executionId="4d1b0cf1-00d2-4a31-86d5-d42dfd6293e4" testId="e16b3363-629d-470b-4b45-adedbaaf746c" testName="TestMethod1" computerName="SELNIKKAN" duration="00:00:00.0134503" startTime="2013-10-22T10:09:13.8091528+02:00" endTime="2013-10-22T10:09:14.0241627+02:00" testType="13cdc9d9-ddb5-4fa4-a97d-d965ccfc6d4b" outcome="Passed" testListId="8c84fa94-04c1-424b-9868-57a2d4851a1d" relativeResultsDirectory="4d1b0cf1-00d2-4a31-86d5-d42dfd6293e4">
    </UnitTestResult>
  </Results>
</TestRun>